<?xml version="1.0" encoding="UTF-8"?>
<testsuites name="Login Scenarios" time="40.128" tests="2" failures="0" errors="1">
   <testsuite name="Login Scenarios" tests="2" failures="0" errors="1" time="40.128" skipped="0" timestamp="12-08-2024T23:56:20" hostname="krupa - Krupal_Chavda.bbrouter" id="Test Suites/Login Scenarios">
      <properties>
         <property name="deviceName" value=""/>
         <property name="devicePlatform"/>
         <property name="logFolder" value="K:\\Krupal_QA\\Katalon\\Projects\\Git Katalon Projects\\KatalonProject01\\Reports\\20240812_235613\\Login Scenarios\\20240812_235613"/>
         <property name="logFiles" value="K:\\Krupal_QA\\Katalon\\Projects\\Git Katalon Projects\\KatalonProject01\\Reports\\20240812_235613\\Login Scenarios\\20240812_235613\\execution0.log"/>
         <property name="attachments" value=""/>
         <property name="hostName" value="krupa - Krupal_Chavda.bbrouter"/>
         <property name="os" value="Windows 11 64bit"/>
         <property name="katalonVersion" value="9.5.0.217"/>
         <property name="browser" value="Chrome 127.0.0.0"/>
         <property name="hostAddress" value="192.168.1.7"/>
         <property name="sessionId" value="82bbbb94098c6f58a61de9b3a1350531"/>
         <property name="seleniumVersion" value="3.141.59"/>
         <property name="proxyInformation" value="ProxyInformation { proxyOption=NO_PROXY, proxyServerType=HTTP, username=, password=********, proxyServerAddress=, proxyServerPort=0, executionList=&quot;&quot;, isApplyToDesiredCapabilities=true }"/>
         <property name="platform" value="Windows 11"/>
      </properties>
      <testcase name="Test Cases/Login/L001_Register User" time="39.584" classname="Test Cases/Login/L001_Register User" status="PASSED">
         <system-out><![CDATA[12-08-2024T23:56:20 - [TEST_CASE][PASSED] - Test Cases/Login/L001_Register User: Test Cases/Login/L001_Register User

12-08-2024T23:56:20 - [TEST_STEP][PASSED] - file = new java.io.FileInputStream(new java.io.File((java.lang.System.getProperty(user.dir) + \Data Files\dataFile.xlsx))): null

12-08-2024T23:56:20 - [TEST_STEP][PASSED] - workbook = new org.apache.poi.xssf.usermodel.XSSFWorkbook(file): null

12-08-2024T23:56:21 - [TEST_STEP][PASSED] - sheet = workbook.getSheetAt(0): null

12-08-2024T23:56:21 - [TEST_STEP][PASSED] - openBrowser(""): Browser is opened with url: ''

12-08-2024T23:56:21 - [MESSAGE][INFO] - Opening browser

12-08-2024T23:56:21 - [MESSAGE][INFO] - Starting 'Chrome' driver

12-08-2024T23:56:21 - [MESSAGE][INFO] - User set preference: ['args', '[--incognit, --start-maximized]']

12-08-2024T23:56:21 - [MESSAGE][INFO] - Action delay is set to 0 milliseconds

12-08-2024T23:56:23 - [MESSAGE][PASSED] - Browser is opened with url: ''

12-08-2024T23:56:23 - [TEST_STEP][PASSED] - navigateToUrl("http://automationexercise.com/"): Navigate to 'http://automationexercise.com/' successfully

12-08-2024T23:56:23 - [MESSAGE][INFO] - Checking url

12-08-2024T23:56:23 - [MESSAGE][INFO] - Navigating to 'http://automationexercise.com/'

12-08-2024T23:56:27 - [MESSAGE][PASSED] - Navigate to 'http://automationexercise.com/' successfully

12-08-2024T23:56:27 - [TEST_STEP][PASSED] - waitForElementVisible(findTestObject("Object Repository/Login/Menu_Home"), Long_Timeout): Object 'Object Repository/Login/Menu_Home' is visible

12-08-2024T23:56:27 - [MESSAGE][INFO] - Finding Test Object 'Object Repository/Login/Menu_Home'

12-08-2024T23:56:28 - [MESSAGE][INFO] - Checking object

12-08-2024T23:56:28 - [MESSAGE][INFO] - Checking timeout

12-08-2024T23:56:28 - [MESSAGE][INFO] - Finding web element from Test Object's properties

12-08-2024T23:56:28 - [MESSAGE][INFO] - Checking timeout

12-08-2024T23:56:28 - [MESSAGE][INFO] - Finding web element with id: 'Object Repository/Login/Menu_Home' located by 'By.xpath: //a[@href="/" and contains(.,'Home')]' in '60' second(s)

12-08-2024T23:56:28 - [MESSAGE][INFO] - Smart Wait Function is triggered

12-08-2024T23:56:28 - [MESSAGE][INFO] - Found 1 web elements with id: 'Object Repository/Login/Menu_Home' located by 'By.xpath: //a[@href="/" and contains(.,'Home')]' in '60' second(s)

12-08-2024T23:56:29 - [MESSAGE][PASSED] - Object 'Object Repository/Login/Menu_Home' is visible

12-08-2024T23:56:29 - [TEST_STEP][PASSED] - verifyElementAttributeValue(findTestObject("Object Repository/Login/Menu_Home"), "style", "color: orange;", Short_Timeout): Object 'Object Repository/Login/Menu_Home' has attribute 'style' with value 'color: orange;'

12-08-2024T23:56:29 - [MESSAGE][INFO] - Finding Test Object 'Object Repository/Login/Menu_Home'

12-08-2024T23:56:29 - [MESSAGE][INFO] - Checking object

12-08-2024T23:56:29 - [MESSAGE][INFO] - Checking attribute name

12-08-2024T23:56:29 - [MESSAGE][INFO] - Checking timeout

12-08-2024T23:56:29 - [MESSAGE][INFO] - Finding web element from Test Object's properties

12-08-2024T23:56:29 - [MESSAGE][INFO] - Checking timeout

12-08-2024T23:56:29 - [MESSAGE][INFO] - Finding web element with id: 'Object Repository/Login/Menu_Home' located by 'By.xpath: //a[@href="/" and contains(.,'Home')]' in '30' second(s)

12-08-2024T23:56:29 - [MESSAGE][INFO] - Smart Wait Function is triggered

12-08-2024T23:56:29 - [MESSAGE][INFO] - Found 1 web elements with id: 'Object Repository/Login/Menu_Home' located by 'By.xpath: //a[@href="/" and contains(.,'Home')]' in '30' second(s)

12-08-2024T23:56:29 - [MESSAGE][PASSED] - Object 'Object Repository/Login/Menu_Home' has attribute 'style' with value 'color: orange;'

12-08-2024T23:56:29 - [TEST_STEP][PASSED] - verifyElementVisible(findTestObject("Object Repository/Login/img_Home"), OPTIONAL): Object 'Object Repository/Login/img_Home' is visible

12-08-2024T23:56:29 - [MESSAGE][INFO] - Finding Test Object 'Object Repository/Login/img_Home'

12-08-2024T23:56:29 - [MESSAGE][INFO] - Checking object

12-08-2024T23:56:29 - [MESSAGE][INFO] - Finding web element from Test Object's properties

12-08-2024T23:56:29 - [MESSAGE][INFO] - Checking timeout

12-08-2024T23:56:29 - [MESSAGE][INFO] - Finding web element with id: 'Object Repository/Login/img_Home' located by 'By.xpath: //a[@href="/" ]//img' in '30' second(s)

12-08-2024T23:56:29 - [MESSAGE][INFO] - Smart Wait Function is triggered

12-08-2024T23:56:30 - [MESSAGE][INFO] - Found 1 web elements with id: 'Object Repository/Login/img_Home' located by 'By.xpath: //a[@href="/" ]//img' in '30' second(s)

12-08-2024T23:56:30 - [MESSAGE][PASSED] - Object 'Object Repository/Login/img_Home' is visible

12-08-2024T23:56:30 - [TEST_STEP][PASSED] - click(findTestObject("Object Repository/Login/btn_Signup-Login")): Object: 'Object Repository/Login/btn_Signup-Login' is clicked on

12-08-2024T23:56:30 - [MESSAGE][INFO] - Finding Test Object 'Object Repository/Login/btn_Signup-Login'

12-08-2024T23:56:30 - [MESSAGE][INFO] - Checking object

12-08-2024T23:56:30 - [MESSAGE][INFO] - Checking timeout

12-08-2024T23:56:30 - [MESSAGE][INFO] - Finding web element from Test Object's properties

12-08-2024T23:56:30 - [MESSAGE][INFO] - Checking timeout

12-08-2024T23:56:30 - [MESSAGE][INFO] - Finding web element with id: 'Object Repository/Login/btn_Signup-Login' located by 'By.xpath: //a[@href="/login" and contains(.,'Signup / Login')]' in '30' second(s)

12-08-2024T23:56:30 - [MESSAGE][INFO] - Smart Wait Function is triggered

12-08-2024T23:56:30 - [MESSAGE][INFO] - Found 1 web elements with id: 'Object Repository/Login/btn_Signup-Login' located by 'By.xpath: //a[@href="/login" and contains(.,'Signup / Login')]' in '30' second(s)

12-08-2024T23:56:30 - [MESSAGE][INFO] - Clicking on object: 'Object Repository/Login/btn_Signup-Login'

12-08-2024T23:56:31 - [MESSAGE][PASSED] - Object: 'Object Repository/Login/btn_Signup-Login' is clicked on

12-08-2024T23:56:32 - [TEST_STEP][PASSED] - verifyElementText(findTestObject("Object Repository/Login/Verify_NewUserSignup"), "New User Signup!"): Actual text and expected text of test object 'Object Repository/Login/Verify_NewUserSignup' are matched.

12-08-2024T23:56:32 - [MESSAGE][INFO] - Finding Test Object 'Object Repository/Login/Verify_NewUserSignup'

12-08-2024T23:56:32 - [MESSAGE][INFO] - Checking object

12-08-2024T23:56:32 - [MESSAGE][INFO] - Finding web element from Test Object's properties

12-08-2024T23:56:32 - [MESSAGE][INFO] - Checking timeout

12-08-2024T23:56:32 - [MESSAGE][INFO] - Finding web element with id: 'Object Repository/Login/Verify_NewUserSignup' located by 'By.xpath: //h2[text()='New User Signup!']' in '30' second(s)

12-08-2024T23:56:32 - [MESSAGE][INFO] - Smart Wait Function is triggered

12-08-2024T23:56:32 - [MESSAGE][INFO] - Found 1 web elements with id: 'Object Repository/Login/Verify_NewUserSignup' located by 'By.xpath: //h2[text()='New User Signup!']' in '30' second(s)

12-08-2024T23:56:32 - [MESSAGE][PASSED] - Actual text and expected text of test object 'Object Repository/Login/Verify_NewUserSignup' are matched.

12-08-2024T23:56:32 - [TEST_STEP][PASSED] - setText(findTestObject("Object Repository/Login/txt_Name"), "KBC Automation"): Text 'KBC Automation' is set on object 'Object Repository/Login/txt_Name'

12-08-2024T23:56:32 - [MESSAGE][INFO] - Finding Test Object 'Object Repository/Login/txt_Name'

12-08-2024T23:56:32 - [MESSAGE][INFO] - Checking object

12-08-2024T23:56:32 - [MESSAGE][INFO] - Checking text

12-08-2024T23:56:32 - [MESSAGE][INFO] - Finding web element from Test Object's properties

12-08-2024T23:56:32 - [MESSAGE][INFO] - Checking timeout

12-08-2024T23:56:32 - [MESSAGE][INFO] - Finding web element with id: 'Object Repository/Login/txt_Name' located by 'By.xpath: //input[@name='name']' in '30' second(s)

12-08-2024T23:56:32 - [MESSAGE][INFO] - Smart Wait Function is triggered

12-08-2024T23:56:33 - [MESSAGE][INFO] - Found 1 web elements with id: 'Object Repository/Login/txt_Name' located by 'By.xpath: //input[@name='name']' in '30' second(s)

12-08-2024T23:56:33 - [MESSAGE][INFO] - Clearing text of object 'Object Repository/Login/txt_Name'

12-08-2024T23:56:33 - [MESSAGE][INFO] - Finding web element from Test Object's properties

12-08-2024T23:56:33 - [MESSAGE][INFO] - Checking timeout

12-08-2024T23:56:33 - [MESSAGE][INFO] - Finding web element with id: 'Object Repository/Login/txt_Name' located by 'By.xpath: //input[@name='name']' in '30' second(s)

12-08-2024T23:56:33 - [MESSAGE][INFO] - Smart Wait Function is triggered

12-08-2024T23:56:33 - [MESSAGE][INFO] - Found 1 web elements with id: 'Object Repository/Login/txt_Name' located by 'By.xpath: //input[@name='name']' in '30' second(s)

12-08-2024T23:56:33 - [MESSAGE][INFO] - Setting text of object 'Object Repository/Login/txt_Name' to value 'KBC Automation'

12-08-2024T23:56:33 - [MESSAGE][PASSED] - Text 'KBC Automation' is set on object 'Object Repository/Login/txt_Name'

12-08-2024T23:56:33 - [TEST_STEP][PASSED] - random = Math.random() * 1000: null

12-08-2024T23:56:33 - [TEST_STEP][PASSED] - myDateObj = LocalDateTime.now(): null

12-08-2024T23:56:33 - [TEST_STEP][PASSED] - out.println("Before formatting: " + myDateObj): null

12-08-2024T23:56:33 - [TEST_STEP][PASSED] - myFormatObj = DateTimeFormatter.ofPattern("ddMMyyyy"): null

12-08-2024T23:56:33 - [TEST_STEP][PASSED] - formattedDate = myDateObj.format(myFormatObj): null

12-08-2024T23:56:33 - [TEST_STEP][PASSED] - setText(findTestObject("Object Repository/Login/txt_Email"), "Test" + formattedDate + "@" + random + ".com"): Text 'Test12082024@590.com' is set on object 'Object Repository/Login/txt_Email'

12-08-2024T23:56:33 - [MESSAGE][INFO] - Finding Test Object 'Object Repository/Login/txt_Email'

12-08-2024T23:56:33 - [MESSAGE][INFO] - Checking object

12-08-2024T23:56:33 - [MESSAGE][INFO] - Checking text

12-08-2024T23:56:33 - [MESSAGE][INFO] - Finding web element from Test Object's properties

12-08-2024T23:56:33 - [MESSAGE][INFO] - Checking timeout

12-08-2024T23:56:33 - [MESSAGE][INFO] - Finding web element with id: 'Object Repository/Login/txt_Email' located by 'By.xpath: //input[@name='email' and @data-qa='signup-email']' in '30' second(s)

12-08-2024T23:56:33 - [MESSAGE][INFO] - Smart Wait Function is triggered

12-08-2024T23:56:34 - [MESSAGE][INFO] - Found 1 web elements with id: 'Object Repository/Login/txt_Email' located by 'By.xpath: //input[@name='email' and @data-qa='signup-email']' in '30' second(s)

12-08-2024T23:56:34 - [MESSAGE][INFO] - Clearing text of object 'Object Repository/Login/txt_Email'

12-08-2024T23:56:34 - [MESSAGE][INFO] - Finding web element from Test Object's properties

12-08-2024T23:56:34 - [MESSAGE][INFO] - Checking timeout

12-08-2024T23:56:34 - [MESSAGE][INFO] - Finding web element with id: 'Object Repository/Login/txt_Email' located by 'By.xpath: //input[@name='email' and @data-qa='signup-email']' in '30' second(s)

12-08-2024T23:56:34 - [MESSAGE][INFO] - Smart Wait Function is triggered

12-08-2024T23:56:34 - [MESSAGE][INFO] - Found 1 web elements with id: 'Object Repository/Login/txt_Email' located by 'By.xpath: //input[@name='email' and @data-qa='signup-email']' in '30' second(s)

12-08-2024T23:56:34 - [MESSAGE][INFO] - Setting text of object 'Object Repository/Login/txt_Email' to value 'Test12082024@590.com'

12-08-2024T23:56:34 - [MESSAGE][PASSED] - Text 'Test12082024@590.com' is set on object 'Object Repository/Login/txt_Email'

12-08-2024T23:56:34 - [TEST_STEP][PASSED] - createCell(0).setCellValue("Test" + formattedDate + "@" + random + ".com"): null

12-08-2024T23:56:34 - [TEST_STEP][PASSED] - click(findTestObject("Object Repository/Login/btn_SignUp")): Object: 'Object Repository/Login/btn_SignUp' is clicked on

12-08-2024T23:56:34 - [MESSAGE][INFO] - Finding Test Object 'Object Repository/Login/btn_SignUp'

12-08-2024T23:56:34 - [MESSAGE][INFO] - Checking object

12-08-2024T23:56:34 - [MESSAGE][INFO] - Checking timeout

12-08-2024T23:56:34 - [MESSAGE][INFO] - Finding web element from Test Object's properties

12-08-2024T23:56:34 - [MESSAGE][INFO] - Checking timeout

12-08-2024T23:56:34 - [MESSAGE][INFO] - Finding web element with id: 'Object Repository/Login/btn_SignUp' located by 'By.xpath: //button[@data-qa='signup-button']' in '30' second(s)

12-08-2024T23:56:34 - [MESSAGE][INFO] - Smart Wait Function is triggered

12-08-2024T23:56:35 - [MESSAGE][INFO] - Found 1 web elements with id: 'Object Repository/Login/btn_SignUp' located by 'By.xpath: //button[@data-qa='signup-button']' in '30' second(s)

12-08-2024T23:56:35 - [MESSAGE][INFO] - Clicking on object: 'Object Repository/Login/btn_SignUp'

12-08-2024T23:56:36 - [MESSAGE][PASSED] - Object: 'Object Repository/Login/btn_SignUp' is clicked on

12-08-2024T23:56:36 - [TEST_STEP][PASSED] - verifyElementAttributeValue(findTestObject("Object Repository/Login/txt_Name"), "value", "KBC Automation", Short_Timeout): Object 'Object Repository/Login/txt_Name' has attribute 'value' with value 'KBC Automation'

12-08-2024T23:56:36 - [MESSAGE][INFO] - Finding Test Object 'Object Repository/Login/txt_Name'

12-08-2024T23:56:36 - [MESSAGE][INFO] - Checking object

12-08-2024T23:56:36 - [MESSAGE][INFO] - Checking attribute name

12-08-2024T23:56:36 - [MESSAGE][INFO] - Checking timeout

12-08-2024T23:56:36 - [MESSAGE][INFO] - Finding web element from Test Object's properties

12-08-2024T23:56:36 - [MESSAGE][INFO] - Checking timeout

12-08-2024T23:56:36 - [MESSAGE][INFO] - Finding web element with id: 'Object Repository/Login/txt_Name' located by 'By.xpath: //input[@name='name']' in '30' second(s)

12-08-2024T23:56:36 - [MESSAGE][INFO] - Smart Wait Function is triggered

12-08-2024T23:56:37 - [MESSAGE][INFO] - Found 1 web elements with id: 'Object Repository/Login/txt_Name' located by 'By.xpath: //input[@name='name']' in '30' second(s)

12-08-2024T23:56:37 - [MESSAGE][PASSED] - Object 'Object Repository/Login/txt_Name' has attribute 'value' with value 'KBC Automation'

12-08-2024T23:56:37 - [TEST_STEP][PASSED] - verifyElementAttributeValue(findTestObject("Object Repository/Account Info/verify_Email"), "value", "Test" + formattedDate + "@" + random + ".com", Short_Timeout): Object 'Object Repository/Account Info/verify_Email' has attribute 'value' with value 'Test12082024@590.com'

12-08-2024T23:56:37 - [MESSAGE][INFO] - Finding Test Object 'Object Repository/Account Info/verify_Email'

12-08-2024T23:56:37 - [MESSAGE][INFO] - Checking object

12-08-2024T23:56:37 - [MESSAGE][INFO] - Checking attribute name

12-08-2024T23:56:37 - [MESSAGE][INFO] - Checking timeout

12-08-2024T23:56:37 - [MESSAGE][INFO] - Finding web element from Test Object's properties

12-08-2024T23:56:37 - [MESSAGE][INFO] - Checking timeout

12-08-2024T23:56:37 - [MESSAGE][INFO] - Finding web element with id: 'Object Repository/Account Info/verify_Email' located by 'By.xpath: //input[@name='email']' in '30' second(s)

12-08-2024T23:56:37 - [MESSAGE][INFO] - Smart Wait Function is triggered

12-08-2024T23:56:38 - [MESSAGE][INFO] - Found 1 web elements with id: 'Object Repository/Account Info/verify_Email' located by 'By.xpath: //input[@name='email']' in '30' second(s)

12-08-2024T23:56:38 - [MESSAGE][PASSED] - Object 'Object Repository/Account Info/verify_Email' has attribute 'value' with value 'Test12082024@590.com'

12-08-2024T23:56:38 - [TEST_STEP][PASSED] - check(findTestObject("Object Repository/Account Info/radiobtn_Title")): Object 'Object Repository/Account Info/radiobtn_Title' is checked

12-08-2024T23:56:38 - [MESSAGE][INFO] - Finding Test Object 'Object Repository/Account Info/radiobtn_Title'

12-08-2024T23:56:38 - [MESSAGE][INFO] - Checking object

12-08-2024T23:56:38 - [MESSAGE][INFO] - Finding web element from Test Object's properties

12-08-2024T23:56:38 - [MESSAGE][INFO] - Checking timeout

12-08-2024T23:56:38 - [MESSAGE][INFO] - Finding web element with id: 'Object Repository/Account Info/radiobtn_Title' located by 'By.xpath: //input[@id='id_gender1']' in '30' second(s)

12-08-2024T23:56:38 - [MESSAGE][INFO] - Smart Wait Function is triggered

12-08-2024T23:56:38 - [MESSAGE][INFO] - Found 1 web elements with id: 'Object Repository/Account Info/radiobtn_Title' located by 'By.xpath: //input[@id='id_gender1']' in '30' second(s)

12-08-2024T23:56:38 - [MESSAGE][INFO] - Checking on bject 'Object Repository/Account Info/radiobtn_Title'

12-08-2024T23:56:38 - [MESSAGE][PASSED] - Object 'Object Repository/Account Info/radiobtn_Title' is checked

12-08-2024T23:56:38 - [TEST_STEP][PASSED] - setText(findTestObject("Object Repository/Account Info/txt_Password"), "Test" + formattedDate + "@" + random): Text 'Test12082024@590' is set on object 'Object Repository/Account Info/txt_Password'

12-08-2024T23:56:38 - [MESSAGE][INFO] - Finding Test Object 'Object Repository/Account Info/txt_Password'

12-08-2024T23:56:38 - [MESSAGE][INFO] - Checking object

12-08-2024T23:56:38 - [MESSAGE][INFO] - Checking text

12-08-2024T23:56:38 - [MESSAGE][INFO] - Finding web element from Test Object's properties

12-08-2024T23:56:38 - [MESSAGE][INFO] - Checking timeout

12-08-2024T23:56:38 - [MESSAGE][INFO] - Finding web element with id: 'Object Repository/Account Info/txt_Password' located by 'By.xpath: //input[@name="password"]' in '30' second(s)

12-08-2024T23:56:38 - [MESSAGE][INFO] - Smart Wait Function is triggered

12-08-2024T23:56:38 - [MESSAGE][INFO] - Found 1 web elements with id: 'Object Repository/Account Info/txt_Password' located by 'By.xpath: //input[@name="password"]' in '30' second(s)

12-08-2024T23:56:38 - [MESSAGE][INFO] - Clearing text of object 'Object Repository/Account Info/txt_Password'

12-08-2024T23:56:38 - [MESSAGE][INFO] - Finding web element from Test Object's properties

12-08-2024T23:56:38 - [MESSAGE][INFO] - Checking timeout

12-08-2024T23:56:38 - [MESSAGE][INFO] - Finding web element with id: 'Object Repository/Account Info/txt_Password' located by 'By.xpath: //input[@name="password"]' in '30' second(s)

12-08-2024T23:56:38 - [MESSAGE][INFO] - Smart Wait Function is triggered

12-08-2024T23:56:39 - [MESSAGE][INFO] - Found 1 web elements with id: 'Object Repository/Account Info/txt_Password' located by 'By.xpath: //input[@name="password"]' in '30' second(s)

12-08-2024T23:56:39 - [MESSAGE][INFO] - Setting text of object 'Object Repository/Account Info/txt_Password' to value 'Test12082024@590'

12-08-2024T23:56:39 - [MESSAGE][PASSED] - Text 'Test12082024@590' is set on object 'Object Repository/Account Info/txt_Password'

12-08-2024T23:56:39 - [TEST_STEP][PASSED] - createCell(1).setCellValue("Test" + formattedDate + "@" + random): null

12-08-2024T23:56:39 - [TEST_STEP][PASSED] - selectOptionByValue(findTestObject("Object Repository/Account Info/drp_days"), "21", false): All options with value '21' are selected in object 'Object Repository/Account Info/drp_days' 

12-08-2024T23:56:39 - [MESSAGE][INFO] - Finding Test Object 'Object Repository/Account Info/drp_days'

12-08-2024T23:56:39 - [MESSAGE][INFO] - Checking object

12-08-2024T23:56:39 - [MESSAGE][INFO] - Checking value parameter

12-08-2024T23:56:39 - [MESSAGE][INFO] - Finding web element from Test Object's properties

12-08-2024T23:56:39 - [MESSAGE][INFO] - Checking timeout

12-08-2024T23:56:39 - [MESSAGE][INFO] - Finding web element with id: 'Object Repository/Account Info/drp_days' located by 'By.xpath: //select[@name="days"]' in '30' second(s)

12-08-2024T23:56:39 - [MESSAGE][INFO] - Smart Wait Function is triggered

12-08-2024T23:56:39 - [MESSAGE][INFO] - Found 1 web elements with id: 'Object Repository/Account Info/drp_days' located by 'By.xpath: //select[@name="days"]' in '30' second(s)

12-08-2024T23:56:39 - [MESSAGE][INFO] - Selecting options on object 'Object Repository/Account Info/drp_days' with value '21'

12-08-2024T23:56:39 - [MESSAGE][INFO] - Smart Wait Function is triggered

12-08-2024T23:56:40 - [MESSAGE][PASSED] - All options with value '21' are selected in object 'Object Repository/Account Info/drp_days' 

12-08-2024T23:56:40 - [TEST_STEP][PASSED] - waitForElementVisible(findTestObject("Object Repository/Account Info/drp_Month"), Short_Timeout): Object 'Object Repository/Account Info/drp_Month' is visible

12-08-2024T23:56:40 - [MESSAGE][INFO] - Finding Test Object 'Object Repository/Account Info/drp_Month'

12-08-2024T23:56:40 - [MESSAGE][INFO] - Checking object

12-08-2024T23:56:40 - [MESSAGE][INFO] - Checking timeout

12-08-2024T23:56:40 - [MESSAGE][INFO] - Finding web element from Test Object's properties

12-08-2024T23:56:40 - [MESSAGE][INFO] - Checking timeout

12-08-2024T23:56:40 - [MESSAGE][INFO] - Finding web element with id: 'Object Repository/Account Info/drp_Month' located by 'By.xpath: //select[@name="months"]' in '30' second(s)

12-08-2024T23:56:40 - [MESSAGE][INFO] - Smart Wait Function is triggered

12-08-2024T23:56:40 - [MESSAGE][INFO] - Found 1 web elements with id: 'Object Repository/Account Info/drp_Month' located by 'By.xpath: //select[@name="months"]' in '30' second(s)

12-08-2024T23:56:40 - [MESSAGE][PASSED] - Object 'Object Repository/Account Info/drp_Month' is visible

12-08-2024T23:56:40 - [TEST_STEP][PASSED] - selectOptionByValue(findTestObject("Object Repository/Account Info/drp_Month"), "3", false): All options with value '3' are selected in object 'Object Repository/Account Info/drp_Month' 

12-08-2024T23:56:40 - [MESSAGE][INFO] - Finding Test Object 'Object Repository/Account Info/drp_Month'

12-08-2024T23:56:40 - [MESSAGE][INFO] - Checking object

12-08-2024T23:56:40 - [MESSAGE][INFO] - Checking value parameter

12-08-2024T23:56:40 - [MESSAGE][INFO] - Finding web element from Test Object's properties

12-08-2024T23:56:40 - [MESSAGE][INFO] - Checking timeout

12-08-2024T23:56:40 - [MESSAGE][INFO] - Finding web element with id: 'Object Repository/Account Info/drp_Month' located by 'By.xpath: //select[@name="months"]' in '30' second(s)

12-08-2024T23:56:40 - [MESSAGE][INFO] - Smart Wait Function is triggered

12-08-2024T23:56:40 - [MESSAGE][INFO] - Found 1 web elements with id: 'Object Repository/Account Info/drp_Month' located by 'By.xpath: //select[@name="months"]' in '30' second(s)

12-08-2024T23:56:40 - [MESSAGE][INFO] - Selecting options on object 'Object Repository/Account Info/drp_Month' with value '3'

12-08-2024T23:56:40 - [MESSAGE][INFO] - Smart Wait Function is triggered

12-08-2024T23:56:41 - [MESSAGE][PASSED] - All options with value '3' are selected in object 'Object Repository/Account Info/drp_Month' 

12-08-2024T23:56:41 - [TEST_STEP][PASSED] - selectOptionByValue(findTestObject("Object Repository/Account Info/drp_Year"), "2002", false): All options with value '2002' are selected in object 'Object Repository/Account Info/drp_Year' 

12-08-2024T23:56:41 - [MESSAGE][INFO] - Finding Test Object 'Object Repository/Account Info/drp_Year'

12-08-2024T23:56:41 - [MESSAGE][INFO] - Checking object

12-08-2024T23:56:41 - [MESSAGE][INFO] - Checking value parameter

12-08-2024T23:56:41 - [MESSAGE][INFO] - Finding web element from Test Object's properties

12-08-2024T23:56:41 - [MESSAGE][INFO] - Checking timeout

12-08-2024T23:56:41 - [MESSAGE][INFO] - Finding web element with id: 'Object Repository/Account Info/drp_Year' located by 'By.xpath: //select[@name="years"]' in '30' second(s)

12-08-2024T23:56:41 - [MESSAGE][INFO] - Smart Wait Function is triggered

12-08-2024T23:56:41 - [MESSAGE][INFO] - Found 1 web elements with id: 'Object Repository/Account Info/drp_Year' located by 'By.xpath: //select[@name="years"]' in '30' second(s)

12-08-2024T23:56:41 - [MESSAGE][INFO] - Selecting options on object 'Object Repository/Account Info/drp_Year' with value '2002'

12-08-2024T23:56:41 - [MESSAGE][INFO] - Smart Wait Function is triggered

12-08-2024T23:56:41 - [MESSAGE][PASSED] - All options with value '2002' are selected in object 'Object Repository/Account Info/drp_Year' 

12-08-2024T23:56:41 - [TEST_STEP][PASSED] - scrollToElement(findTestObject("Object Repository/Account Info/checkbox_signUpNews"), Short_Timeout): Scroll to object 'Object Repository/Account Info/checkbox_signUpNews' successfully

12-08-2024T23:56:41 - [MESSAGE][INFO] - Finding Test Object 'Object Repository/Account Info/checkbox_signUpNews'

12-08-2024T23:56:41 - [MESSAGE][INFO] - Checking object

12-08-2024T23:56:41 - [MESSAGE][INFO] - Checking timeout

12-08-2024T23:56:41 - [MESSAGE][INFO] - Finding web element from Test Object's properties

12-08-2024T23:56:41 - [MESSAGE][INFO] - Checking timeout

12-08-2024T23:56:41 - [MESSAGE][INFO] - Finding web element with id: 'Object Repository/Account Info/checkbox_signUpNews' located by 'By.xpath: //label[@for="newsletter"]' in '30' second(s)

12-08-2024T23:56:41 - [MESSAGE][INFO] - Smart Wait Function is triggered

12-08-2024T23:56:42 - [MESSAGE][INFO] - Found 1 web elements with id: 'Object Repository/Account Info/checkbox_signUpNews' located by 'By.xpath: //label[@for="newsletter"]' in '30' second(s)

12-08-2024T23:56:42 - [MESSAGE][INFO] - Scrolling to object 'Object Repository/Account Info/checkbox_signUpNews'

12-08-2024T23:56:42 - [MESSAGE][PASSED] - Scroll to object 'Object Repository/Account Info/checkbox_signUpNews' successfully

12-08-2024T23:56:42 - [TEST_STEP][PASSED] - click(findTestObject("Object Repository/Account Info/checkbox_signUpNews")): Object: 'Object Repository/Account Info/checkbox_signUpNews' is clicked on

12-08-2024T23:56:42 - [MESSAGE][INFO] - Finding Test Object 'Object Repository/Account Info/checkbox_signUpNews'

12-08-2024T23:56:42 - [MESSAGE][INFO] - Checking object

12-08-2024T23:56:42 - [MESSAGE][INFO] - Checking timeout

12-08-2024T23:56:42 - [MESSAGE][INFO] - Finding web element from Test Object's properties

12-08-2024T23:56:42 - [MESSAGE][INFO] - Checking timeout

12-08-2024T23:56:42 - [MESSAGE][INFO] - Finding web element with id: 'Object Repository/Account Info/checkbox_signUpNews' located by 'By.xpath: //label[@for="newsletter"]' in '30' second(s)

12-08-2024T23:56:42 - [MESSAGE][INFO] - Smart Wait Function is triggered

12-08-2024T23:56:42 - [MESSAGE][INFO] - Found 1 web elements with id: 'Object Repository/Account Info/checkbox_signUpNews' located by 'By.xpath: //label[@for="newsletter"]' in '30' second(s)

12-08-2024T23:56:42 - [MESSAGE][INFO] - Clicking on object: 'Object Repository/Account Info/checkbox_signUpNews'

12-08-2024T23:56:42 - [MESSAGE][PASSED] - Object: 'Object Repository/Account Info/checkbox_signUpNews' is clicked on

12-08-2024T23:56:42 - [TEST_STEP][PASSED] - click(findTestObject("Object Repository/Account Info/checkbox_option")): Object: 'Object Repository/Account Info/checkbox_option' is clicked on

12-08-2024T23:56:42 - [MESSAGE][INFO] - Finding Test Object 'Object Repository/Account Info/checkbox_option'

12-08-2024T23:56:42 - [MESSAGE][INFO] - Checking object

12-08-2024T23:56:42 - [MESSAGE][INFO] - Checking timeout

12-08-2024T23:56:42 - [MESSAGE][INFO] - Finding web element from Test Object's properties

12-08-2024T23:56:42 - [MESSAGE][INFO] - Checking timeout

12-08-2024T23:56:42 - [MESSAGE][INFO] - Finding web element with id: 'Object Repository/Account Info/checkbox_option' located by 'By.xpath: //label[@for="optin"]' in '30' second(s)

12-08-2024T23:56:42 - [MESSAGE][INFO] - Smart Wait Function is triggered

12-08-2024T23:56:42 - [MESSAGE][INFO] - Found 1 web elements with id: 'Object Repository/Account Info/checkbox_option' located by 'By.xpath: //label[@for="optin"]' in '30' second(s)

12-08-2024T23:56:42 - [MESSAGE][INFO] - Clicking on object: 'Object Repository/Account Info/checkbox_option'

12-08-2024T23:56:42 - [MESSAGE][PASSED] - Object: 'Object Repository/Account Info/checkbox_option' is clicked on

12-08-2024T23:56:42 - [TEST_STEP][PASSED] - scrollToElement(findTestObject("Object Repository/Account Info/txt_first_name"), Short_Timeout): Scroll to object 'Object Repository/Account Info/txt_first_name' successfully

12-08-2024T23:56:42 - [MESSAGE][INFO] - Finding Test Object 'Object Repository/Account Info/txt_first_name'

12-08-2024T23:56:42 - [MESSAGE][INFO] - Checking object

12-08-2024T23:56:42 - [MESSAGE][INFO] - Checking timeout

12-08-2024T23:56:42 - [MESSAGE][INFO] - Finding web element from Test Object's properties

12-08-2024T23:56:42 - [MESSAGE][INFO] - Checking timeout

12-08-2024T23:56:42 - [MESSAGE][INFO] - Finding web element with id: 'Object Repository/Account Info/txt_first_name' located by 'By.xpath: //input[@name="first_name"]' in '30' second(s)

12-08-2024T23:56:42 - [MESSAGE][INFO] - Smart Wait Function is triggered

12-08-2024T23:56:43 - [MESSAGE][INFO] - Found 1 web elements with id: 'Object Repository/Account Info/txt_first_name' located by 'By.xpath: //input[@name="first_name"]' in '30' second(s)

12-08-2024T23:56:43 - [MESSAGE][INFO] - Scrolling to object 'Object Repository/Account Info/txt_first_name'

12-08-2024T23:56:43 - [MESSAGE][PASSED] - Scroll to object 'Object Repository/Account Info/txt_first_name' successfully

12-08-2024T23:56:43 - [TEST_STEP][PASSED] - setText(findTestObject("Object Repository/Account Info/txt_first_name"), "KBC"): Text 'KBC' is set on object 'Object Repository/Account Info/txt_first_name'

12-08-2024T23:56:43 - [MESSAGE][INFO] - Finding Test Object 'Object Repository/Account Info/txt_first_name'

12-08-2024T23:56:43 - [MESSAGE][INFO] - Checking object

12-08-2024T23:56:43 - [MESSAGE][INFO] - Checking text

12-08-2024T23:56:43 - [MESSAGE][INFO] - Finding web element from Test Object's properties

12-08-2024T23:56:43 - [MESSAGE][INFO] - Checking timeout

12-08-2024T23:56:43 - [MESSAGE][INFO] - Finding web element with id: 'Object Repository/Account Info/txt_first_name' located by 'By.xpath: //input[@name="first_name"]' in '30' second(s)

12-08-2024T23:56:43 - [MESSAGE][INFO] - Smart Wait Function is triggered

12-08-2024T23:56:43 - [MESSAGE][INFO] - Found 1 web elements with id: 'Object Repository/Account Info/txt_first_name' located by 'By.xpath: //input[@name="first_name"]' in '30' second(s)

12-08-2024T23:56:43 - [MESSAGE][INFO] - Clearing text of object 'Object Repository/Account Info/txt_first_name'

12-08-2024T23:56:43 - [MESSAGE][INFO] - Finding web element from Test Object's properties

12-08-2024T23:56:43 - [MESSAGE][INFO] - Checking timeout

12-08-2024T23:56:43 - [MESSAGE][INFO] - Finding web element with id: 'Object Repository/Account Info/txt_first_name' located by 'By.xpath: //input[@name="first_name"]' in '30' second(s)

12-08-2024T23:56:43 - [MESSAGE][INFO] - Smart Wait Function is triggered

12-08-2024T23:56:43 - [MESSAGE][INFO] - Found 1 web elements with id: 'Object Repository/Account Info/txt_first_name' located by 'By.xpath: //input[@name="first_name"]' in '30' second(s)

12-08-2024T23:56:43 - [MESSAGE][INFO] - Setting text of object 'Object Repository/Account Info/txt_first_name' to value 'KBC'

12-08-2024T23:56:44 - [MESSAGE][PASSED] - Text 'KBC' is set on object 'Object Repository/Account Info/txt_first_name'

12-08-2024T23:56:44 - [TEST_STEP][PASSED] - setText(findTestObject("Object Repository/Account Info/txt_last_name"), "Automation"): Text 'Automation' is set on object 'Object Repository/Account Info/txt_last_name'

12-08-2024T23:56:44 - [MESSAGE][INFO] - Finding Test Object 'Object Repository/Account Info/txt_last_name'

12-08-2024T23:56:44 - [MESSAGE][INFO] - Checking object

12-08-2024T23:56:44 - [MESSAGE][INFO] - Checking text

12-08-2024T23:56:44 - [MESSAGE][INFO] - Finding web element from Test Object's properties

12-08-2024T23:56:44 - [MESSAGE][INFO] - Checking timeout

12-08-2024T23:56:44 - [MESSAGE][INFO] - Finding web element with id: 'Object Repository/Account Info/txt_last_name' located by 'By.xpath: //input[@name="last_name"]' in '30' second(s)

12-08-2024T23:56:44 - [MESSAGE][INFO] - Smart Wait Function is triggered

12-08-2024T23:56:44 - [MESSAGE][INFO] - Found 1 web elements with id: 'Object Repository/Account Info/txt_last_name' located by 'By.xpath: //input[@name="last_name"]' in '30' second(s)

12-08-2024T23:56:44 - [MESSAGE][INFO] - Clearing text of object 'Object Repository/Account Info/txt_last_name'

12-08-2024T23:56:44 - [MESSAGE][INFO] - Finding web element from Test Object's properties

12-08-2024T23:56:44 - [MESSAGE][INFO] - Checking timeout

12-08-2024T23:56:44 - [MESSAGE][INFO] - Finding web element with id: 'Object Repository/Account Info/txt_last_name' located by 'By.xpath: //input[@name="last_name"]' in '30' second(s)

12-08-2024T23:56:44 - [MESSAGE][INFO] - Smart Wait Function is triggered

12-08-2024T23:56:44 - [MESSAGE][INFO] - Found 1 web elements with id: 'Object Repository/Account Info/txt_last_name' located by 'By.xpath: //input[@name="last_name"]' in '30' second(s)

12-08-2024T23:56:44 - [MESSAGE][INFO] - Setting text of object 'Object Repository/Account Info/txt_last_name' to value 'Automation'

12-08-2024T23:56:45 - [MESSAGE][PASSED] - Text 'Automation' is set on object 'Object Repository/Account Info/txt_last_name'

12-08-2024T23:56:45 - [TEST_STEP][PASSED] - setText(findTestObject("Object Repository/Account Info/txt_Company"), "Automation"): Text 'Automation' is set on object 'Object Repository/Account Info/txt_Company'

12-08-2024T23:56:45 - [MESSAGE][INFO] - Finding Test Object 'Object Repository/Account Info/txt_Company'

12-08-2024T23:56:45 - [MESSAGE][INFO] - Checking object

12-08-2024T23:56:45 - [MESSAGE][INFO] - Checking text

12-08-2024T23:56:45 - [MESSAGE][INFO] - Finding web element from Test Object's properties

12-08-2024T23:56:45 - [MESSAGE][INFO] - Checking timeout

12-08-2024T23:56:45 - [MESSAGE][INFO] - Finding web element with id: 'Object Repository/Account Info/txt_Company' located by 'By.xpath: //input[@name="company"]' in '30' second(s)

12-08-2024T23:56:45 - [MESSAGE][INFO] - Smart Wait Function is triggered

12-08-2024T23:56:45 - [MESSAGE][INFO] - Found 1 web elements with id: 'Object Repository/Account Info/txt_Company' located by 'By.xpath: //input[@name="company"]' in '30' second(s)

12-08-2024T23:56:45 - [MESSAGE][INFO] - Clearing text of object 'Object Repository/Account Info/txt_Company'

12-08-2024T23:56:45 - [MESSAGE][INFO] - Finding web element from Test Object's properties

12-08-2024T23:56:45 - [MESSAGE][INFO] - Checking timeout

12-08-2024T23:56:45 - [MESSAGE][INFO] - Finding web element with id: 'Object Repository/Account Info/txt_Company' located by 'By.xpath: //input[@name="company"]' in '30' second(s)

12-08-2024T23:56:45 - [MESSAGE][INFO] - Smart Wait Function is triggered

12-08-2024T23:56:45 - [MESSAGE][INFO] - Found 1 web elements with id: 'Object Repository/Account Info/txt_Company' located by 'By.xpath: //input[@name="company"]' in '30' second(s)

12-08-2024T23:56:45 - [MESSAGE][INFO] - Setting text of object 'Object Repository/Account Info/txt_Company' to value 'Automation'

12-08-2024T23:56:45 - [MESSAGE][PASSED] - Text 'Automation' is set on object 'Object Repository/Account Info/txt_Company'

12-08-2024T23:56:45 - [TEST_STEP][PASSED] - setText(findTestObject("Object Repository/Account Info/txt_Address"), "Test near test"): Text 'Test near test' is set on object 'Object Repository/Account Info/txt_Address'

12-08-2024T23:56:45 - [MESSAGE][INFO] - Finding Test Object 'Object Repository/Account Info/txt_Address'

12-08-2024T23:56:45 - [MESSAGE][INFO] - Checking object

12-08-2024T23:56:46 - [MESSAGE][INFO] - Checking text

12-08-2024T23:56:46 - [MESSAGE][INFO] - Finding web element from Test Object's properties

12-08-2024T23:56:46 - [MESSAGE][INFO] - Checking timeout

12-08-2024T23:56:46 - [MESSAGE][INFO] - Finding web element with id: 'Object Repository/Account Info/txt_Address' located by 'By.xpath: //input[@name="address1"]' in '30' second(s)

12-08-2024T23:56:46 - [MESSAGE][INFO] - Smart Wait Function is triggered

12-08-2024T23:56:46 - [MESSAGE][INFO] - Found 1 web elements with id: 'Object Repository/Account Info/txt_Address' located by 'By.xpath: //input[@name="address1"]' in '30' second(s)

12-08-2024T23:56:46 - [MESSAGE][INFO] - Clearing text of object 'Object Repository/Account Info/txt_Address'

12-08-2024T23:56:46 - [MESSAGE][INFO] - Finding web element from Test Object's properties

12-08-2024T23:56:46 - [MESSAGE][INFO] - Checking timeout

12-08-2024T23:56:46 - [MESSAGE][INFO] - Finding web element with id: 'Object Repository/Account Info/txt_Address' located by 'By.xpath: //input[@name="address1"]' in '30' second(s)

12-08-2024T23:56:46 - [MESSAGE][INFO] - Smart Wait Function is triggered

12-08-2024T23:56:46 - [MESSAGE][INFO] - Found 1 web elements with id: 'Object Repository/Account Info/txt_Address' located by 'By.xpath: //input[@name="address1"]' in '30' second(s)

12-08-2024T23:56:46 - [MESSAGE][INFO] - Setting text of object 'Object Repository/Account Info/txt_Address' to value 'Test near test'

12-08-2024T23:56:46 - [MESSAGE][PASSED] - Text 'Test near test' is set on object 'Object Repository/Account Info/txt_Address'

12-08-2024T23:56:46 - [TEST_STEP][PASSED] - setText(findTestObject("Object Repository/Account Info/txt_Address2"), "Address 2"): Text 'Address 2' is set on object 'Object Repository/Account Info/txt_Address2'

12-08-2024T23:56:46 - [MESSAGE][INFO] - Finding Test Object 'Object Repository/Account Info/txt_Address2'

12-08-2024T23:56:46 - [MESSAGE][INFO] - Checking object

12-08-2024T23:56:46 - [MESSAGE][INFO] - Checking text

12-08-2024T23:56:46 - [MESSAGE][INFO] - Finding web element from Test Object's properties

12-08-2024T23:56:46 - [MESSAGE][INFO] - Checking timeout

12-08-2024T23:56:46 - [MESSAGE][INFO] - Finding web element with id: 'Object Repository/Account Info/txt_Address2' located by 'By.xpath: //input[@name="address2"]' in '30' second(s)

12-08-2024T23:56:46 - [MESSAGE][INFO] - Smart Wait Function is triggered

12-08-2024T23:56:47 - [MESSAGE][INFO] - Found 1 web elements with id: 'Object Repository/Account Info/txt_Address2' located by 'By.xpath: //input[@name="address2"]' in '30' second(s)

12-08-2024T23:56:47 - [MESSAGE][INFO] - Clearing text of object 'Object Repository/Account Info/txt_Address2'

12-08-2024T23:56:47 - [MESSAGE][INFO] - Finding web element from Test Object's properties

12-08-2024T23:56:47 - [MESSAGE][INFO] - Checking timeout

12-08-2024T23:56:47 - [MESSAGE][INFO] - Finding web element with id: 'Object Repository/Account Info/txt_Address2' located by 'By.xpath: //input[@name="address2"]' in '30' second(s)

12-08-2024T23:56:47 - [MESSAGE][INFO] - Smart Wait Function is triggered

12-08-2024T23:56:47 - [MESSAGE][INFO] - Found 1 web elements with id: 'Object Repository/Account Info/txt_Address2' located by 'By.xpath: //input[@name="address2"]' in '30' second(s)

12-08-2024T23:56:47 - [MESSAGE][INFO] - Setting text of object 'Object Repository/Account Info/txt_Address2' to value 'Address 2'

12-08-2024T23:56:47 - [MESSAGE][PASSED] - Text 'Address 2' is set on object 'Object Repository/Account Info/txt_Address2'

12-08-2024T23:56:47 - [TEST_STEP][PASSED] - selectOptionByLabel(findTestObject("Object Repository/Account Info/drp_Country"), "Australia", false): All options with label 'Australia' are selected in object 'Object Repository/Account Info/drp_Country' 

12-08-2024T23:56:47 - [MESSAGE][INFO] - Finding Test Object 'Object Repository/Account Info/drp_Country'

12-08-2024T23:56:47 - [MESSAGE][INFO] - Checking object

12-08-2024T23:56:47 - [MESSAGE][INFO] - Checking label parameter

12-08-2024T23:56:47 - [MESSAGE][INFO] - Finding web element from Test Object's properties

12-08-2024T23:56:47 - [MESSAGE][INFO] - Checking timeout

12-08-2024T23:56:47 - [MESSAGE][INFO] - Finding web element with id: 'Object Repository/Account Info/drp_Country' located by 'By.xpath: //select[@name="country"]' in '30' second(s)

12-08-2024T23:56:47 - [MESSAGE][INFO] - Smart Wait Function is triggered

12-08-2024T23:56:48 - [MESSAGE][INFO] - Found 1 web elements with id: 'Object Repository/Account Info/drp_Country' located by 'By.xpath: //select[@name="country"]' in '30' second(s)

12-08-2024T23:56:48 - [MESSAGE][INFO] - Selecting options on object 'Object Repository/Account Info/drp_Country' with label 'Australia' 

12-08-2024T23:56:48 - [MESSAGE][INFO] - Smart Wait Function is triggered

12-08-2024T23:56:48 - [MESSAGE][PASSED] - All options with label 'Australia' are selected in object 'Object Repository/Account Info/drp_Country' 

12-08-2024T23:56:48 - [TEST_STEP][PASSED] - scrollToElement(findTestObject("Object Repository/Account Info/txt_State"), Short_Timeout): Scroll to object 'Object Repository/Account Info/txt_State' successfully

12-08-2024T23:56:48 - [MESSAGE][INFO] - Finding Test Object 'Object Repository/Account Info/txt_State'

12-08-2024T23:56:48 - [MESSAGE][INFO] - Checking object

12-08-2024T23:56:48 - [MESSAGE][INFO] - Checking timeout

12-08-2024T23:56:48 - [MESSAGE][INFO] - Finding web element from Test Object's properties

12-08-2024T23:56:48 - [MESSAGE][INFO] - Checking timeout

12-08-2024T23:56:48 - [MESSAGE][INFO] - Finding web element with id: 'Object Repository/Account Info/txt_State' located by 'By.xpath: //input[@name="state"]' in '30' second(s)

12-08-2024T23:56:48 - [MESSAGE][INFO] - Smart Wait Function is triggered

12-08-2024T23:56:48 - [MESSAGE][INFO] - Found 1 web elements with id: 'Object Repository/Account Info/txt_State' located by 'By.xpath: //input[@name="state"]' in '30' second(s)

12-08-2024T23:56:48 - [MESSAGE][INFO] - Scrolling to object 'Object Repository/Account Info/txt_State'

12-08-2024T23:56:48 - [MESSAGE][PASSED] - Scroll to object 'Object Repository/Account Info/txt_State' successfully

12-08-2024T23:56:48 - [TEST_STEP][PASSED] - setText(findTestObject("Object Repository/Account Info/txt_State"), "ACT"): Text 'ACT' is set on object 'Object Repository/Account Info/txt_State'

12-08-2024T23:56:48 - [MESSAGE][INFO] - Finding Test Object 'Object Repository/Account Info/txt_State'

12-08-2024T23:56:48 - [MESSAGE][INFO] - Checking object

12-08-2024T23:56:48 - [MESSAGE][INFO] - Checking text

12-08-2024T23:56:48 - [MESSAGE][INFO] - Finding web element from Test Object's properties

12-08-2024T23:56:48 - [MESSAGE][INFO] - Checking timeout

12-08-2024T23:56:48 - [MESSAGE][INFO] - Finding web element with id: 'Object Repository/Account Info/txt_State' located by 'By.xpath: //input[@name="state"]' in '30' second(s)

12-08-2024T23:56:48 - [MESSAGE][INFO] - Smart Wait Function is triggered

12-08-2024T23:56:49 - [MESSAGE][INFO] - Found 1 web elements with id: 'Object Repository/Account Info/txt_State' located by 'By.xpath: //input[@name="state"]' in '30' second(s)

12-08-2024T23:56:49 - [MESSAGE][INFO] - Clearing text of object 'Object Repository/Account Info/txt_State'

12-08-2024T23:56:49 - [MESSAGE][INFO] - Finding web element from Test Object's properties

12-08-2024T23:56:49 - [MESSAGE][INFO] - Checking timeout

12-08-2024T23:56:49 - [MESSAGE][INFO] - Finding web element with id: 'Object Repository/Account Info/txt_State' located by 'By.xpath: //input[@name="state"]' in '30' second(s)

12-08-2024T23:56:49 - [MESSAGE][INFO] - Smart Wait Function is triggered

12-08-2024T23:56:49 - [MESSAGE][INFO] - Found 1 web elements with id: 'Object Repository/Account Info/txt_State' located by 'By.xpath: //input[@name="state"]' in '30' second(s)

12-08-2024T23:56:49 - [MESSAGE][INFO] - Setting text of object 'Object Repository/Account Info/txt_State' to value 'ACT'

12-08-2024T23:56:49 - [MESSAGE][PASSED] - Text 'ACT' is set on object 'Object Repository/Account Info/txt_State'

12-08-2024T23:56:49 - [TEST_STEP][PASSED] - setText(findTestObject("Object Repository/Account Info/txt_City"), "Melbourne"): Text 'Melbourne' is set on object 'Object Repository/Account Info/txt_City'

12-08-2024T23:56:49 - [MESSAGE][INFO] - Finding Test Object 'Object Repository/Account Info/txt_City'

12-08-2024T23:56:49 - [MESSAGE][INFO] - Checking object

12-08-2024T23:56:49 - [MESSAGE][INFO] - Checking text

12-08-2024T23:56:49 - [MESSAGE][INFO] - Finding web element from Test Object's properties

12-08-2024T23:56:49 - [MESSAGE][INFO] - Checking timeout

12-08-2024T23:56:49 - [MESSAGE][INFO] - Finding web element with id: 'Object Repository/Account Info/txt_City' located by 'By.xpath: //input[@name="city"]' in '30' second(s)

12-08-2024T23:56:49 - [MESSAGE][INFO] - Smart Wait Function is triggered

12-08-2024T23:56:49 - [MESSAGE][INFO] - Found 1 web elements with id: 'Object Repository/Account Info/txt_City' located by 'By.xpath: //input[@name="city"]' in '30' second(s)

12-08-2024T23:56:49 - [MESSAGE][INFO] - Clearing text of object 'Object Repository/Account Info/txt_City'

12-08-2024T23:56:49 - [MESSAGE][INFO] - Finding web element from Test Object's properties

12-08-2024T23:56:49 - [MESSAGE][INFO] - Checking timeout

12-08-2024T23:56:49 - [MESSAGE][INFO] - Finding web element with id: 'Object Repository/Account Info/txt_City' located by 'By.xpath: //input[@name="city"]' in '30' second(s)

12-08-2024T23:56:49 - [MESSAGE][INFO] - Smart Wait Function is triggered

12-08-2024T23:56:50 - [MESSAGE][INFO] - Found 1 web elements with id: 'Object Repository/Account Info/txt_City' located by 'By.xpath: //input[@name="city"]' in '30' second(s)

12-08-2024T23:56:50 - [MESSAGE][INFO] - Setting text of object 'Object Repository/Account Info/txt_City' to value 'Melbourne'

12-08-2024T23:56:50 - [MESSAGE][PASSED] - Text 'Melbourne' is set on object 'Object Repository/Account Info/txt_City'

12-08-2024T23:56:50 - [TEST_STEP][PASSED] - setText(findTestObject("Object Repository/Account Info/txt_zipcode"), "2900"): Text '2900' is set on object 'Object Repository/Account Info/txt_zipcode'

12-08-2024T23:56:50 - [MESSAGE][INFO] - Finding Test Object 'Object Repository/Account Info/txt_zipcode'

12-08-2024T23:56:50 - [MESSAGE][INFO] - Checking object

12-08-2024T23:56:50 - [MESSAGE][INFO] - Checking text

12-08-2024T23:56:50 - [MESSAGE][INFO] - Finding web element from Test Object's properties

12-08-2024T23:56:50 - [MESSAGE][INFO] - Checking timeout

12-08-2024T23:56:50 - [MESSAGE][INFO] - Finding web element with id: 'Object Repository/Account Info/txt_zipcode' located by 'By.xpath: //input[@name="zipcode"]' in '30' second(s)

12-08-2024T23:56:50 - [MESSAGE][INFO] - Smart Wait Function is triggered

12-08-2024T23:56:50 - [MESSAGE][INFO] - Found 1 web elements with id: 'Object Repository/Account Info/txt_zipcode' located by 'By.xpath: //input[@name="zipcode"]' in '30' second(s)

12-08-2024T23:56:50 - [MESSAGE][INFO] - Clearing text of object 'Object Repository/Account Info/txt_zipcode'

12-08-2024T23:56:50 - [MESSAGE][INFO] - Finding web element from Test Object's properties

12-08-2024T23:56:50 - [MESSAGE][INFO] - Checking timeout

12-08-2024T23:56:50 - [MESSAGE][INFO] - Finding web element with id: 'Object Repository/Account Info/txt_zipcode' located by 'By.xpath: //input[@name="zipcode"]' in '30' second(s)

12-08-2024T23:56:50 - [MESSAGE][INFO] - Smart Wait Function is triggered

12-08-2024T23:56:51 - [MESSAGE][INFO] - Found 1 web elements with id: 'Object Repository/Account Info/txt_zipcode' located by 'By.xpath: //input[@name="zipcode"]' in '30' second(s)

12-08-2024T23:56:51 - [MESSAGE][INFO] - Setting text of object 'Object Repository/Account Info/txt_zipcode' to value '2900'

12-08-2024T23:56:51 - [MESSAGE][PASSED] - Text '2900' is set on object 'Object Repository/Account Info/txt_zipcode'

12-08-2024T23:56:51 - [TEST_STEP][PASSED] - setText(findTestObject("Object Repository/Account Info/num_Mobile"), "1236123612"): Text '1236123612' is set on object 'Object Repository/Account Info/num_Mobile'

12-08-2024T23:56:51 - [MESSAGE][INFO] - Finding Test Object 'Object Repository/Account Info/num_Mobile'

12-08-2024T23:56:51 - [MESSAGE][INFO] - Checking object

12-08-2024T23:56:51 - [MESSAGE][INFO] - Checking text

12-08-2024T23:56:51 - [MESSAGE][INFO] - Finding web element from Test Object's properties

12-08-2024T23:56:51 - [MESSAGE][INFO] - Checking timeout

12-08-2024T23:56:51 - [MESSAGE][INFO] - Finding web element with id: 'Object Repository/Account Info/num_Mobile' located by 'By.xpath: //input[@name="mobile_number"]' in '30' second(s)

12-08-2024T23:56:51 - [MESSAGE][INFO] - Smart Wait Function is triggered

12-08-2024T23:56:51 - [MESSAGE][INFO] - Found 1 web elements with id: 'Object Repository/Account Info/num_Mobile' located by 'By.xpath: //input[@name="mobile_number"]' in '30' second(s)

12-08-2024T23:56:51 - [MESSAGE][INFO] - Clearing text of object 'Object Repository/Account Info/num_Mobile'

12-08-2024T23:56:51 - [MESSAGE][INFO] - Finding web element from Test Object's properties

12-08-2024T23:56:51 - [MESSAGE][INFO] - Checking timeout

12-08-2024T23:56:51 - [MESSAGE][INFO] - Finding web element with id: 'Object Repository/Account Info/num_Mobile' located by 'By.xpath: //input[@name="mobile_number"]' in '30' second(s)

12-08-2024T23:56:51 - [MESSAGE][INFO] - Smart Wait Function is triggered

12-08-2024T23:56:51 - [MESSAGE][INFO] - Found 1 web elements with id: 'Object Repository/Account Info/num_Mobile' located by 'By.xpath: //input[@name="mobile_number"]' in '30' second(s)

12-08-2024T23:56:51 - [MESSAGE][INFO] - Setting text of object 'Object Repository/Account Info/num_Mobile' to value '1236123612'

12-08-2024T23:56:52 - [MESSAGE][PASSED] - Text '1236123612' is set on object 'Object Repository/Account Info/num_Mobile'

12-08-2024T23:56:52 - [TEST_STEP][PASSED] - scrollToElement(findTestObject("Object Repository/Account Info/btn_CreateAcc"), Short_Timeout): Scroll to object 'Object Repository/Account Info/btn_CreateAcc' successfully

12-08-2024T23:56:52 - [MESSAGE][INFO] - Finding Test Object 'Object Repository/Account Info/btn_CreateAcc'

12-08-2024T23:56:52 - [MESSAGE][INFO] - Checking object

12-08-2024T23:56:52 - [MESSAGE][INFO] - Checking timeout

12-08-2024T23:56:52 - [MESSAGE][INFO] - Finding web element from Test Object's properties

12-08-2024T23:56:52 - [MESSAGE][INFO] - Checking timeout

12-08-2024T23:56:52 - [MESSAGE][INFO] - Finding web element with id: 'Object Repository/Account Info/btn_CreateAcc' located by 'By.xpath: //button[@data-qa="create-account"]' in '30' second(s)

12-08-2024T23:56:52 - [MESSAGE][INFO] - Smart Wait Function is triggered

12-08-2024T23:56:52 - [MESSAGE][INFO] - Found 1 web elements with id: 'Object Repository/Account Info/btn_CreateAcc' located by 'By.xpath: //button[@data-qa="create-account"]' in '30' second(s)

12-08-2024T23:56:52 - [MESSAGE][INFO] - Scrolling to object 'Object Repository/Account Info/btn_CreateAcc'

12-08-2024T23:56:52 - [MESSAGE][PASSED] - Scroll to object 'Object Repository/Account Info/btn_CreateAcc' successfully

12-08-2024T23:56:52 - [TEST_STEP][PASSED] - click(findTestObject("Object Repository/Account Info/btn_CreateAcc")): Object: 'Object Repository/Account Info/btn_CreateAcc' is clicked on

12-08-2024T23:56:52 - [MESSAGE][INFO] - Finding Test Object 'Object Repository/Account Info/btn_CreateAcc'

12-08-2024T23:56:52 - [MESSAGE][INFO] - Checking object

12-08-2024T23:56:52 - [MESSAGE][INFO] - Checking timeout

12-08-2024T23:56:52 - [MESSAGE][INFO] - Finding web element from Test Object's properties

12-08-2024T23:56:52 - [MESSAGE][INFO] - Checking timeout

12-08-2024T23:56:52 - [MESSAGE][INFO] - Finding web element with id: 'Object Repository/Account Info/btn_CreateAcc' located by 'By.xpath: //button[@data-qa="create-account"]' in '30' second(s)

12-08-2024T23:56:52 - [MESSAGE][INFO] - Smart Wait Function is triggered

12-08-2024T23:56:52 - [MESSAGE][INFO] - Found 1 web elements with id: 'Object Repository/Account Info/btn_CreateAcc' located by 'By.xpath: //button[@data-qa="create-account"]' in '30' second(s)

12-08-2024T23:56:52 - [MESSAGE][INFO] - Clicking on object: 'Object Repository/Account Info/btn_CreateAcc'

12-08-2024T23:56:55 - [MESSAGE][PASSED] - Object: 'Object Repository/Account Info/btn_CreateAcc' is clicked on

12-08-2024T23:56:55 - [TEST_STEP][PASSED] - verifyElementText(findTestObject("Object Repository/Account Info/verify_AccountCreated"), "ACCOUNT CREATED!"): Actual text and expected text of test object 'Object Repository/Account Info/verify_AccountCreated' are matched.

12-08-2024T23:56:55 - [MESSAGE][INFO] - Finding Test Object 'Object Repository/Account Info/verify_AccountCreated'

12-08-2024T23:56:55 - [MESSAGE][INFO] - Checking object

12-08-2024T23:56:55 - [MESSAGE][INFO] - Finding web element from Test Object's properties

12-08-2024T23:56:55 - [MESSAGE][INFO] - Checking timeout

12-08-2024T23:56:55 - [MESSAGE][INFO] - Finding web element with id: 'Object Repository/Account Info/verify_AccountCreated' located by 'By.xpath: //b[text()='Account Created!']' in '30' second(s)

12-08-2024T23:56:55 - [MESSAGE][INFO] - Smart Wait Function is triggered

12-08-2024T23:56:55 - [MESSAGE][INFO] - Found 1 web elements with id: 'Object Repository/Account Info/verify_AccountCreated' located by 'By.xpath: //b[text()='Account Created!']' in '30' second(s)

12-08-2024T23:56:55 - [MESSAGE][PASSED] - Actual text and expected text of test object 'Object Repository/Account Info/verify_AccountCreated' are matched.

12-08-2024T23:56:55 - [TEST_STEP][PASSED] - click(findTestObject("Object Repository/Account Info/btn_Continue")): Object: 'Object Repository/Account Info/btn_Continue' is clicked on

12-08-2024T23:56:55 - [MESSAGE][INFO] - Finding Test Object 'Object Repository/Account Info/btn_Continue'

12-08-2024T23:56:55 - [MESSAGE][INFO] - Checking object

12-08-2024T23:56:55 - [MESSAGE][INFO] - Checking timeout

12-08-2024T23:56:55 - [MESSAGE][INFO] - Finding web element from Test Object's properties

12-08-2024T23:56:55 - [MESSAGE][INFO] - Checking timeout

12-08-2024T23:56:55 - [MESSAGE][INFO] - Finding web element with id: 'Object Repository/Account Info/btn_Continue' located by 'By.xpath: //a[text()='Continue']' in '30' second(s)

12-08-2024T23:56:55 - [MESSAGE][INFO] - Smart Wait Function is triggered

12-08-2024T23:56:56 - [MESSAGE][INFO] - Found 1 web elements with id: 'Object Repository/Account Info/btn_Continue' located by 'By.xpath: //a[text()='Continue']' in '30' second(s)

12-08-2024T23:56:56 - [MESSAGE][INFO] - Clicking on object: 'Object Repository/Account Info/btn_Continue'

12-08-2024T23:56:58 - [MESSAGE][PASSED] - Object: 'Object Repository/Account Info/btn_Continue' is clicked on

12-08-2024T23:56:58 - [TEST_STEP][PASSED] - verifyElementText(findTestObject("Object Repository/Account Info/verify_loggedinUser"), "KBC Automation"): Actual text and expected text of test object 'Object Repository/Account Info/verify_loggedinUser' are matched.

12-08-2024T23:56:58 - [MESSAGE][INFO] - Finding Test Object 'Object Repository/Account Info/verify_loggedinUser'

12-08-2024T23:56:58 - [MESSAGE][INFO] - Checking object

12-08-2024T23:56:58 - [MESSAGE][INFO] - Finding web element from Test Object's properties

12-08-2024T23:56:58 - [MESSAGE][INFO] - Checking timeout

12-08-2024T23:56:58 - [MESSAGE][INFO] - Finding web element with id: 'Object Repository/Account Info/verify_loggedinUser' located by 'By.xpath: //a[text()=' Logged in as ']/b' in '30' second(s)

12-08-2024T23:56:58 - [MESSAGE][INFO] - Smart Wait Function is triggered

12-08-2024T23:56:59 - [MESSAGE][INFO] - Found 1 web elements with id: 'Object Repository/Account Info/verify_loggedinUser' located by 'By.xpath: //a[text()=' Logged in as ']/b' in '30' second(s)

12-08-2024T23:56:59 - [MESSAGE][PASSED] - Actual text and expected text of test object 'Object Repository/Account Info/verify_loggedinUser' are matched.

12-08-2024T23:56:59 - [TEST_STEP][PASSED] - file.close(): null

12-08-2024T23:56:59 - [TEST_STEP][PASSED] - outFile = new java.io.FileOutputStream(new java.io.File((java.lang.System.getProperty(user.dir) + \Data Files\dataFile.xlsx))): null

12-08-2024T23:56:59 - [TEST_STEP][PASSED] - workbook.write(outFile): null

12-08-2024T23:56:59 - [TEST_STEP][PASSED] - outFile.close(): null

12-08-2024T23:56:59 - [TEST_STEP][PASSED] - closeBrowser(): Browser is closed

12-08-2024T23:56:59 - [MESSAGE][INFO] - Closing browser

12-08-2024T23:56:59 - [MESSAGE][PASSED] - Browser is closed]]></system-out>
         <system-err><![CDATA[]]></system-err>
      </testcase>
      <testcase name="Test Cases/Login/L004_Logout" time="0.29" classname="Test Cases/Login/L004_Logout" status="ERROR">
         <error type="ERROR" message="Test Cases/Login/L004_Logout FAILED.&#xa;Reason:&#xa;java.io.FileNotFoundException: E:\Testdata.xlsx (The system cannot find the path specified)&#xa;	at L004_Logout.run(L004_Logout:9)&#xa;	at com.kms.katalon.core.main.ScriptEngine.run(ScriptEngine.java:194)&#xa;	at com.kms.katalon.core.main.ScriptEngine.runScriptAsRawText(ScriptEngine.java:119)&#xa;	at com.kms.katalon.core.main.TestCaseExecutor.runScript(TestCaseExecutor.java:448)&#xa;	at com.kms.katalon.core.main.TestCaseExecutor.doExecute(TestCaseExecutor.java:439)&#xa;	at com.kms.katalon.core.main.TestCaseExecutor.processExecutionPhase(TestCaseExecutor.java:418)&#xa;	at com.kms.katalon.core.main.TestCaseExecutor.accessMainPhase(TestCaseExecutor.java:410)&#xa;	at com.kms.katalon.core.main.TestCaseExecutor.execute(TestCaseExecutor.java:285)&#xa;	at com.kms.katalon.core.common.CommonExecutor.accessTestCaseMainPhase(CommonExecutor.java:65)&#xa;	at com.kms.katalon.core.main.TestSuiteExecutor.accessTestSuiteMainPhase(TestSuiteExecutor.java:150)&#xa;	at com.kms.katalon.core.main.TestSuiteExecutor.execute(TestSuiteExecutor.java:106)&#xa;	at com.kms.katalon.core.main.TestCaseMain.startTestSuite(TestCaseMain.java:180)&#xa;	at TempTestSuite1723487173466.run(TempTestSuite1723487173466.groovy:35)&#xa;	at java.base/jdk.internal.reflect.NativeMethodAccessorImpl.invoke0(Native Method)&#xa;	at java.base/jdk.internal.reflect.NativeMethodAccessorImpl.invoke(NativeMethodAccessorImpl.java:77)&#xa;	at java.base/jdk.internal.reflect.DelegatingMethodAccessorImpl.invoke(DelegatingMethodAccessorImpl.java:43)&#xa;"/>
         <system-out><![CDATA[12-08-2024T23:56:59 - [TEST_CASE][ERROR] - Test Cases/Login/L004_Logout: Test Cases/Login/L004_Logout FAILED.
Reason:
java.io.FileNotFoundException: E:\Testdata.xlsx (The system cannot find the path specified)
	at L004_Logout.run(L004_Logout:9)
	at com.kms.katalon.core.main.ScriptEngine.run(ScriptEngine.java:194)
	at com.kms.katalon.core.main.ScriptEngine.runScriptAsRawText(ScriptEngine.java:119)
	at com.kms.katalon.core.main.TestCaseExecutor.runScript(TestCaseExecutor.java:448)
	at com.kms.katalon.core.main.TestCaseExecutor.doExecute(TestCaseExecutor.java:439)
	at com.kms.katalon.core.main.TestCaseExecutor.processExecutionPhase(TestCaseExecutor.java:418)
	at com.kms.katalon.core.main.TestCaseExecutor.accessMainPhase(TestCaseExecutor.java:410)
	at com.kms.katalon.core.main.TestCaseExecutor.execute(TestCaseExecutor.java:285)
	at com.kms.katalon.core.common.CommonExecutor.accessTestCaseMainPhase(CommonExecutor.java:65)
	at com.kms.katalon.core.main.TestSuiteExecutor.accessTestSuiteMainPhase(TestSuiteExecutor.java:150)
	at com.kms.katalon.core.main.TestSuiteExecutor.execute(TestSuiteExecutor.java:106)
	at com.kms.katalon.core.main.TestCaseMain.startTestSuite(TestCaseMain.java:180)
	at TempTestSuite1723487173466.run(TempTestSuite1723487173466.groovy:35)
	at java.base/jdk.internal.reflect.NativeMethodAccessorImpl.invoke0(Native Method)
	at java.base/jdk.internal.reflect.NativeMethodAccessorImpl.invoke(NativeMethodAccessorImpl.java:77)
	at java.base/jdk.internal.reflect.DelegatingMethodAccessorImpl.invoke(DelegatingMethodAccessorImpl.java:43)


12-08-2024T23:57:00 - [TEST_STEP][ERROR] - file = new java.io.FileInputStream(new java.io.File(E:\Testdata.xlsx)): Test Cases/Login/L004_Logout FAILED.
Reason:
java.io.FileNotFoundException: E:\Testdata.xlsx (The system cannot find the path specified)
	at L004_Logout.run(L004_Logout:9)
	at com.kms.katalon.core.main.ScriptEngine.run(ScriptEngine.java:194)
	at com.kms.katalon.core.main.ScriptEngine.runScriptAsRawText(ScriptEngine.java:119)
	at com.kms.katalon.core.main.TestCaseExecutor.runScript(TestCaseExecutor.java:448)
	at com.kms.katalon.core.main.TestCaseExecutor.doExecute(TestCaseExecutor.java:439)
	at com.kms.katalon.core.main.TestCaseExecutor.processExecutionPhase(TestCaseExecutor.java:418)
	at com.kms.katalon.core.main.TestCaseExecutor.accessMainPhase(TestCaseExecutor.java:410)
	at com.kms.katalon.core.main.TestCaseExecutor.execute(TestCaseExecutor.java:285)
	at com.kms.katalon.core.common.CommonExecutor.accessTestCaseMainPhase(CommonExecutor.java:65)
	at com.kms.katalon.core.main.TestSuiteExecutor.accessTestSuiteMainPhase(TestSuiteExecutor.java:150)
	at com.kms.katalon.core.main.TestSuiteExecutor.execute(TestSuiteExecutor.java:106)
	at com.kms.katalon.core.main.TestCaseMain.startTestSuite(TestCaseMain.java:180)
	at TempTestSuite1723487173466.run(TempTestSuite1723487173466.groovy:35)
	at java.base/jdk.internal.reflect.NativeMethodAccessorImpl.invoke0(Native Method)
	at java.base/jdk.internal.reflect.NativeMethodAccessorImpl.invoke(NativeMethodAccessorImpl.java:77)
	at java.base/jdk.internal.reflect.DelegatingMethodAccessorImpl.invoke(DelegatingMethodAccessorImpl.java:43)


12-08-2024T23:57:00 - [MESSAGE][ERROR] - Test Cases/Login/L004_Logout FAILED.
Reason:
java.io.FileNotFoundException: E:\Testdata.xlsx (The system cannot find the path specified)
	at L004_Logout.run(L004_Logout:9)
	at com.kms.katalon.core.main.ScriptEngine.run(ScriptEngine.java:194)
	at com.kms.katalon.core.main.ScriptEngine.runScriptAsRawText(ScriptEngine.java:119)
	at com.kms.katalon.core.main.TestCaseExecutor.runScript(TestCaseExecutor.java:448)
	at com.kms.katalon.core.main.TestCaseExecutor.doExecute(TestCaseExecutor.java:439)
	at com.kms.katalon.core.main.TestCaseExecutor.processExecutionPhase(TestCaseExecutor.java:418)
	at com.kms.katalon.core.main.TestCaseExecutor.accessMainPhase(TestCaseExecutor.java:410)
	at com.kms.katalon.core.main.TestCaseExecutor.execute(TestCaseExecutor.java:285)
	at com.kms.katalon.core.common.CommonExecutor.accessTestCaseMainPhase(CommonExecutor.java:65)
	at com.kms.katalon.core.main.TestSuiteExecutor.accessTestSuiteMainPhase(TestSuiteExecutor.java:150)
	at com.kms.katalon.core.main.TestSuiteExecutor.execute(TestSuiteExecutor.java:106)
	at com.kms.katalon.core.main.TestCaseMain.startTestSuite(TestCaseMain.java:180)
	at TempTestSuite1723487173466.run(TempTestSuite1723487173466.groovy:35)
	at java.base/jdk.internal.reflect.NativeMethodAccessorImpl.invoke0(Native Method)
	at java.base/jdk.internal.reflect.NativeMethodAccessorImpl.invoke(NativeMethodAccessorImpl.java:77)
	at java.base/jdk.internal.reflect.DelegatingMethodAccessorImpl.invoke(DelegatingMethodAccessorImpl.java:43)]]></system-out>
         <system-err><![CDATA[12-08-2024T23:56:59 - [TEST_CASE][ERROR] - Test Cases/Login/L004_Logout: Test Cases/Login/L004_Logout FAILED.
Reason:
java.io.FileNotFoundException: E:\Testdata.xlsx (The system cannot find the path specified)
	at L004_Logout.run(L004_Logout:9)
	at com.kms.katalon.core.main.ScriptEngine.run(ScriptEngine.java:194)
	at com.kms.katalon.core.main.ScriptEngine.runScriptAsRawText(ScriptEngine.java:119)
	at com.kms.katalon.core.main.TestCaseExecutor.runScript(TestCaseExecutor.java:448)
	at com.kms.katalon.core.main.TestCaseExecutor.doExecute(TestCaseExecutor.java:439)
	at com.kms.katalon.core.main.TestCaseExecutor.processExecutionPhase(TestCaseExecutor.java:418)
	at com.kms.katalon.core.main.TestCaseExecutor.accessMainPhase(TestCaseExecutor.java:410)
	at com.kms.katalon.core.main.TestCaseExecutor.execute(TestCaseExecutor.java:285)
	at com.kms.katalon.core.common.CommonExecutor.accessTestCaseMainPhase(CommonExecutor.java:65)
	at com.kms.katalon.core.main.TestSuiteExecutor.accessTestSuiteMainPhase(TestSuiteExecutor.java:150)
	at com.kms.katalon.core.main.TestSuiteExecutor.execute(TestSuiteExecutor.java:106)
	at com.kms.katalon.core.main.TestCaseMain.startTestSuite(TestCaseMain.java:180)
	at TempTestSuite1723487173466.run(TempTestSuite1723487173466.groovy:35)
	at java.base/jdk.internal.reflect.NativeMethodAccessorImpl.invoke0(Native Method)
	at java.base/jdk.internal.reflect.NativeMethodAccessorImpl.invoke(NativeMethodAccessorImpl.java:77)
	at java.base/jdk.internal.reflect.DelegatingMethodAccessorImpl.invoke(DelegatingMethodAccessorImpl.java:43)]]></system-err>
      </testcase>
      <system-out><![CDATA[12-08-2024T23:56:20 - [TEST_SUITE][ERROR] - Login Scenarios: Test Cases/Login/L004_Logout FAILED.
Reason:
java.io.FileNotFoundException: E:\Testdata.xlsx (The system cannot find the path specified)
	at L004_Logout.run(L004_Logout:9)
	at com.kms.katalon.core.main.ScriptEngine.run(ScriptEngine.java:194)
	at com.kms.katalon.core.main.ScriptEngine.runScriptAsRawText(ScriptEngine.java:119)
	at com.kms.katalon.core.main.TestCaseExecutor.runScript(TestCaseExecutor.java:448)
	at com.kms.katalon.core.main.TestCaseExecutor.doExecute(TestCaseExecutor.java:439)
	at com.kms.katalon.core.main.TestCaseExecutor.processExecutionPhase(TestCaseExecutor.java:418)
	at com.kms.katalon.core.main.TestCaseExecutor.accessMainPhase(TestCaseExecutor.java:410)
	at com.kms.katalon.core.main.TestCaseExecutor.execute(TestCaseExecutor.java:285)
	at com.kms.katalon.core.common.CommonExecutor.accessTestCaseMainPhase(CommonExecutor.java:65)
	at com.kms.katalon.core.main.TestSuiteExecutor.accessTestSuiteMainPhase(TestSuiteExecutor.java:150)
	at com.kms.katalon.core.main.TestSuiteExecutor.execute(TestSuiteExecutor.java:106)
	at com.kms.katalon.core.main.TestCaseMain.startTestSuite(TestCaseMain.java:180)
	at TempTestSuite1723487173466.run(TempTestSuite1723487173466.groovy:35)
	at java.base/jdk.internal.reflect.NativeMethodAccessorImpl.invoke0(Native Method)
	at java.base/jdk.internal.reflect.NativeMethodAccessorImpl.invoke(NativeMethodAccessorImpl.java:77)
	at java.base/jdk.internal.reflect.DelegatingMethodAccessorImpl.invoke(DelegatingMethodAccessorImpl.java:43)]]></system-out>
      <system-err><![CDATA[12-08-2024T23:56:20 - [TEST_SUITE][ERROR] - Login Scenarios: Test Cases/Login/L004_Logout FAILED.
Reason:
java.io.FileNotFoundException: E:\Testdata.xlsx (The system cannot find the path specified)
	at L004_Logout.run(L004_Logout:9)
	at com.kms.katalon.core.main.ScriptEngine.run(ScriptEngine.java:194)
	at com.kms.katalon.core.main.ScriptEngine.runScriptAsRawText(ScriptEngine.java:119)
	at com.kms.katalon.core.main.TestCaseExecutor.runScript(TestCaseExecutor.java:448)
	at com.kms.katalon.core.main.TestCaseExecutor.doExecute(TestCaseExecutor.java:439)
	at com.kms.katalon.core.main.TestCaseExecutor.processExecutionPhase(TestCaseExecutor.java:418)
	at com.kms.katalon.core.main.TestCaseExecutor.accessMainPhase(TestCaseExecutor.java:410)
	at com.kms.katalon.core.main.TestCaseExecutor.execute(TestCaseExecutor.java:285)
	at com.kms.katalon.core.common.CommonExecutor.accessTestCaseMainPhase(CommonExecutor.java:65)
	at com.kms.katalon.core.main.TestSuiteExecutor.accessTestSuiteMainPhase(TestSuiteExecutor.java:150)
	at com.kms.katalon.core.main.TestSuiteExecutor.execute(TestSuiteExecutor.java:106)
	at com.kms.katalon.core.main.TestCaseMain.startTestSuite(TestCaseMain.java:180)
	at TempTestSuite1723487173466.run(TempTestSuite1723487173466.groovy:35)
	at java.base/jdk.internal.reflect.NativeMethodAccessorImpl.invoke0(Native Method)
	at java.base/jdk.internal.reflect.NativeMethodAccessorImpl.invoke(NativeMethodAccessorImpl.java:77)
	at java.base/jdk.internal.reflect.DelegatingMethodAccessorImpl.invoke(DelegatingMethodAccessorImpl.java:43)]]></system-err>
   </testsuite>
</testsuites>
