<?xml version="1.0" encoding="UTF-8"?>
<testsuites name="Login Scenarios" time="5.638" tests="1" failures="0" errors="0">
   <testsuite name="Login Scenarios" tests="1" failures="0" errors="0" time="5.638" skipped="0" timestamp="2024-08-13 00:53:57" hostname="krupa - Krupal_Chavda.bbrouter" id="Test Suites/Login Scenarios">
      <properties>
         <property name="deviceName" value=""/>
         <property name="devicePlatform" value=""/>
         <property name="logFolder" value="K:\\Krupal_QA\\Katalon\\Projects\\Git Katalon Projects\\KatalonProject01\\Reports\\20240813_005349\\Login Scenarios\\20240813_005349"/>
         <property name="logFiles" value="K:\\Krupal_QA\\Katalon\\Projects\\Git Katalon Projects\\KatalonProject01\\Reports\\20240813_005349\\Login Scenarios\\20240813_005349\\execution0.log"/>
         <property name="attachments" value=""/>
         <property name="hostName" value="krupa - Krupal_Chavda.bbrouter"/>
         <property name="os" value="Windows 10 64bit"/>
         <property name="katalonVersion" value="8.6.0.208"/>
         <property name="browser" value="Chrome 127.0.0.0"/>
         <property name="hostAddress" value="192.168.1.7"/>
         <property name="sessionId" value="b90789c499ac7bb81e83219e222339f3"/>
         <property name="seleniumVersion" value="3.141.59"/>
         <property name="proxyInformation" value="ProxyInformation { proxyOption=NO_PROXY, proxyServerType=HTTP, username=, password=********, proxyServerAddress=, proxyServerPort=0, executionList=&quot;&quot;, isApplyToDesiredCapabilities=true }"/>
         <property name="platform" value="Windows 10"/>
      </properties>
      <testcase name="Test Cases/Login/L001_Register User" time="0.785" classname="Test Cases/Login/L001_Register User" status="PASSED">
         <system-out><![CDATA[2024-08-13 00:54:02 - [TEST_CASE][PASSED] - Test Cases/Login/L001_Register User: Evaluating variables for test case]]></system-out>
         <system-err><![CDATA[]]></system-err>
      </testcase>
      <system-out><![CDATA[2024-08-13 00:53:57 - [TEST_SUITE][INCOMPLETE] - Login Scenarios: null]]></system-out>
      <system-err><![CDATA[2024-08-13 00:53:57 - [TEST_SUITE][INCOMPLETE] - Login Scenarios: null]]></system-err>
   </testsuite>
</testsuites>
